Base path: C:/Program Files (x86)/Unity/Editor/Data
Pipe name: \\.\pipe\UnityShaderCompiler-5-3852
Cmd: getPlatforms
Cmd: compileSnippet
  api=0 type=1 insize=956 outsize=143 kw= ok=1
Cmd: compileSnippet
  api=1 type=1 insize=986 outsize=104 kw= ok=1
Cmd: compileSnippet
  api=8 type=0 insize=1203 outsize=1950 kw= ok=1
Cmd: compileSnippet
  api=0 type=1 insize=1322 outsize=585 kw= ok=1
Cmd: compileSnippet
  api=8 type=0 insize=1274 outsize=1950 kw= ok=1
Cmd: compileSnippet
  api=0 type=0 insize=1260 outsize=441 kw= ok=1
Cmd: compileSnippet
  api=1 type=1 insize=949 outsize=104 kw= ok=1
Cmd: compileSnippet
  api=0 type=0 insize=1282 outsize=441 kw= ok=1
Cmd: compileSnippet
  api=1 type=0 insize=1222 outsize=186 kw= ok=1
Cmd: compileSnippet
  api=8 type=0 insize=1218 outsize=1950 kw= ok=1
Cmd: compileSnippet
  api=0 type=1 insize=1277 outsize=279 kw= ok=1
Cmd: compileSnippet
  api=0 type=1 insize=1333 outsize=328 kw= ok=1
Cmd: compileSnippet
  api=8 type=1 insize=942 outsize=1048 kw= ok=1
Unhandled exception: Readfile from pipe failed. GLE=The pipe has been ended.


Quitting shader compiler process
